<?xml version="1.0" encoding="UTF-8"?>
<!-- Generated by org.testng.reporters.JUnitReportReporter -->
<testsuite hostname="Santhosh-E4310" name="com.projectname.grid.scripts.RunThreadTest" tests="1" failures="0" timestamp="21 Jul 2014 08:50:30 GMT" time="0.423" errors="0">
  <testcase name="runThread" time="0.423" classname="com.projectname.grid.scripts.RunThreadTest"/>
</testsuite> <!-- com.projectname.grid.scripts.RunThreadTest -->
