<?xml version="1.0" encoding="UTF-8"?>
<!-- Generated by org.testng.reporters.JUnitReportReporter -->
<testsuite hostname="Santhosh-E4310" name="com.projectname.scripts.ScroolBar" tests="1" failures="0" timestamp="14 May 2014 08:55:52 GMT" time="25.018" errors="0">
  <testcase name="scroolBar" time="25.018" classname="com.projectname.scripts.ScroolBar"/>
</testsuite> <!-- com.projectname.scripts.ScroolBar -->
