<?xml version="1.0" encoding="UTF-8"?>
<!-- Generated by org.testng.reporters.JUnitReportReporter -->
<testsuite hostname="Santhosh-E4310" name="com.projectname.scripts.DriverScriptTest" tests="1" failures="0" timestamp="14 May 2014 12:41:13 GMT" time="68.907" errors="0">
  <testcase name="driverScript" time="68.907" classname="com.projectname.scripts.DriverScriptTest"/>
</testsuite> <!-- com.projectname.scripts.DriverScriptTest -->
