<?xml version="1.0" encoding="UTF-8"?>
<!-- Generated by org.testng.reporters.JUnitReportReporter -->
<testsuite hostname="Nagarjuna-PC" name="com.projectname.scripts.DriverScriptTest" tests="1" failures="0" timestamp="17 Jul 2014 11:38:34 GMT" time="146.058" errors="0">
  <testcase name="driverScript" time="146.058" classname="com.projectname.scripts.DriverScriptTest"/>
</testsuite> <!-- com.projectname.scripts.DriverScriptTest -->
