<?xml version="1.0" encoding="UTF-8"?>
<!-- Generated by org.testng.reporters.JUnitReportReporter -->
<testsuite hostname="Santhosh-E4310" name="com.projectname.filestream.FileHandling" tests="1" failures="0" timestamp="3 Jul 2014 09:27:03 GMT" time="25.158" errors="0">
  <testcase name="testUntitled" time="25.158" classname="com.projectname.filestream.FileHandling"/>
</testsuite> <!-- com.projectname.filestream.FileHandling -->
