<?xml version="1.0" encoding="UTF-8"?>
<!-- Generated by org.testng.reporters.JUnitReportReporter -->
<testsuite hostname="Santhosh-E4310" name="com.projectname.scripts.SafariDriverTests" tests="1" failures="0" timestamp="13 Aug 2014 15:39:52 GMT" time="13.260" errors="0">
  <testcase name="quitDriver" time="13.260" classname="com.projectname.scripts.SafariDriverTests"/>
</testsuite> <!-- com.projectname.scripts.SafariDriverTests -->
