<?xml version="1.0" encoding="UTF-8"?>
<!-- Generated by org.testng.reporters.JUnitReportReporter -->
<testsuite hostname="Santhosh-E4310" name="com.projectname.scripts.DriverScriptTest" tests="1" failures="0" timestamp="19 Aug 2014 13:15:00 GMT" time="651.372" errors="0">
  <testcase name="driverScript" time="651.372" classname="com.projectname.scripts.DriverScriptTest"/>
</testsuite> <!-- com.projectname.scripts.DriverScriptTest -->
